<?xml version="1.0" encoding="UTF-8"?>
<!-- Generated by org.testng.reporters.JUnitReportReporter -->
<testsuite skipped="0" hostname="DESKTOP-L60UUTL" name="com.cocus.TestCases.ValidateNotesWindow" tests="1" failures="0" timestamp="07 Dec 2022 13:03:37 GMT" time="10.802" errors="0">
  <testcase name="ValidateNotes" time="10.802" classname="com.cocus.TestCases.ValidateNotesWindow"/>
</testsuite> <!-- com.cocus.TestCases.ValidateNotesWindow -->
