<?xml version="1.0" encoding="UTF-8"?>
<!-- Generated by org.testng.reporters.JUnitReportReporter -->
<testsuite hostname="DESKTOP-L60UUTL" failures="0" tests="1" name="petClinic.testcases.VerifyOwnersListInUI" time="15.593" errors="0" timestamp="14 Jul 2022 13:58:31 GMT" skipped="0">
  <testcase classname="petClinic.testcases.VerifyOwnersListInUI" name="verify_OwnersList" time="15.593"/>
</testsuite> <!-- petClinic.testcases.VerifyOwnersListInUI -->
