<?xml version="1.0" encoding="UTF-8"?>
<!-- Generated by org.testng.reporters.JUnitReportReporter -->
<testsuite hostname="DESKTOP-L60UUTL" failures="0" tests="1" name="comAlefEducation.testcases.verifyImageOnHomePage" time="184.039" errors="0" timestamp="14 Jul 2022 06:45:06 GMT" skipped="0">
  <testcase classname="comAlefEducation.testcases.verifyImageOnHomePage" name="verify_HomePage" time="184.039"/>
</testsuite> <!-- comAlefEducation.testcases.verifyImageOnHomePage -->
