<?xml version="1.0" encoding="UTF-8"?>
<!-- Generated by org.testng.reporters.JUnitReportReporter -->
<testsuite hostname="DESKTOP-L60UUTL" failures="0" tests="1" name="petClinic.testcases.VerifyHomePage" time="4.103" errors="0" timestamp="14 Jul 2022 13:58:31 GMT" skipped="0">
  <testcase classname="petClinic.testcases.VerifyHomePage" name="verify_HomePage" time="4.103"/>
</testsuite> <!-- petClinic.testcases.VerifyHomePage -->
