<?xml version="1.0" encoding="UTF-8"?>
<!-- Generated by org.testng.reporters.JUnitReportReporter -->
<testsuite skipped="0" hostname="DESKTOP-L60UUTL" name="com.cocus.TestCases.ValidateNotes" tests="1" failures="0" timestamp="11 Dec 2022 13:44:54 GMT" time="23.974" errors="0">
  <testcase name="ValidateNotes" time="23.974" classname="com.cocus.TestCases.ValidateNotes"/>
</testsuite> <!-- com.cocus.TestCases.ValidateNotes -->
